<?xml version="1.0" encoding="UTF-8"?>
<testng-results skipped="0" failed="0" total="1" passed="1">
  <reporter-output>
  </reporter-output>
  <suite name="Default suite" duration-ms="3214" started-at="2018-05-13T23:59:47Z" finished-at="2018-05-13T23:59:50Z">
    <groups>
    </groups>
    <test name="Default test" duration-ms="3214" started-at="2018-05-13T23:59:47Z" finished-at="2018-05-13T23:59:50Z">
      <class name="com.movieDatabaseSplunk.movieDatabaseAPI.TestSumMovieGenre">
        <test-method status="PASS" signature="testSumOfGenreIds()[pri:0, instance:com.movieDatabaseSplunk.movieDatabaseAPI.TestSumMovieGenre@51081592]" name="testSumOfGenreIds" duration-ms="3201" started-at="2018-05-13T16:59:47Z" finished-at="2018-05-13T16:59:50Z">
          <reporter-output>
          </reporter-output>
        </test-method> <!-- testSumOfGenreIds -->
      </class> <!-- com.movieDatabaseSplunk.movieDatabaseAPI.TestSumMovieGenre -->
    </test> <!-- Default test -->
  </suite> <!-- Default suite -->
</testng-results>
